<?xml version="1.0" encoding="UTF-8"?>
<testng-results skipped="0" failed="0" ignored="0" total="1" passed="1">
  <reporter-output>
  </reporter-output>
  <suite name="Default suite" duration-ms="34930" started-at="2019-01-18T14:10:08Z" finished-at="2019-01-18T14:10:43Z">
    <groups>
    </groups>
    <test name="Default test" duration-ms="34930" started-at="2019-01-18T14:10:08Z" finished-at="2019-01-18T14:10:43Z">
      <class name="suiteTest.Regression">
        <test-method status="PASS" signature="setUpClass()[pri:0, instance:suiteTest.Regression@1d9b7cce]" name="setUpClass" is-config="true" duration-ms="942" started-at="2019-01-18T11:10:08Z" finished-at="2019-01-18T11:10:09Z">
          <reporter-output>
          </reporter-output>
        </test-method> <!-- setUpClass -->
        <test-method status="PASS" signature="setUp(java.lang.reflect.Method)[pri:0, instance:suiteTest.Regression@1d9b7cce]" name="setUp" is-config="true" duration-ms="6389" started-at="2019-01-18T11:10:09Z" finished-at="2019-01-18T11:10:16Z">
          <params>
            <param index="0">
              <value>
                <![CDATA[public void suiteTest.Regression.TestPildoras(java.lang.reflect.Method)]]>
              </value>
            </param>
          </params>
          <reporter-output>
          </reporter-output>
        </test-method> <!-- setUp -->
        <test-method status="PASS" signature="TestPildoras(java.lang.reflect.Method)[pri:0, instance:suiteTest.Regression@1d9b7cce]" name="TestPildoras" duration-ms="22808" started-at="2019-01-18T11:10:16Z" finished-at="2019-01-18T11:10:39Z">
          <params>
            <param index="0">
              <value>
                <![CDATA[public void suiteTest.Regression.TestPildoras(java.lang.reflect.Method)]]>
              </value>
            </param>
          </params>
          <reporter-output>
          </reporter-output>
        </test-method> <!-- TestPildoras -->
        <test-method status="PASS" signature="tearDown()[pri:0, instance:suiteTest.Regression@1d9b7cce]" name="tearDown" is-config="true" duration-ms="99" started-at="2019-01-18T11:10:39Z" finished-at="2019-01-18T11:10:39Z">
          <reporter-output>
          </reporter-output>
        </test-method> <!-- tearDown -->
        <test-method status="PASS" signature="tearDownClass()[pri:0, instance:suiteTest.Regression@1d9b7cce]" name="tearDownClass" is-config="true" duration-ms="4597" started-at="2019-01-18T11:10:39Z" finished-at="2019-01-18T11:10:43Z">
          <reporter-output>
          </reporter-output>
        </test-method> <!-- tearDownClass -->
      </class> <!-- suiteTest.Regression -->
    </test> <!-- Default test -->
  </suite> <!-- Default suite -->
</testng-results>
